<?xml version="1.0" encoding="UTF-8"?>
<testng-results ignored="0" total="1" passed="1" failed="0" skipped="0">
  <reporter-output>
  </reporter-output>
  <suite started-at="2025-04-29T16:27:14 WIB" name="Periplus Shopping Cart Test Suite" finished-at="2025-04-29T16:27:40 WIB" duration-ms="26203">
    <groups>
    </groups>
    <test started-at="2025-04-29T16:27:14 WIB" name="Shopping Cart Tests" finished-at="2025-04-29T16:27:40 WIB" duration-ms="26203">
      <class name="com.openway.tests.AppTest">
        <test-method is-config="true" signature="setUp()[pri:0, instance:com.openway.tests.AppTest@769f71a9]" started-at="2025-04-29T16:27:14 WIB" name="setUp" finished-at="2025-04-29T16:27:16 WIB" duration-ms="1693" status="PASS">
          <reporter-output>
          </reporter-output>
        </test-method> <!-- setUp -->
        <test-method is-config="true" signature="navigateToHomePage()[pri:0, instance:com.openway.tests.AppTest@769f71a9]" started-at="2025-04-29T16:27:16 WIB" name="navigateToHomePage" finished-at="2025-04-29T16:27:19 WIB" duration-ms="3221" status="PASS">
          <reporter-output>
          </reporter-output>
        </test-method> <!-- navigateToHomePage -->
        <test-method signature="testAddToCart()[pri:0, instance:com.openway.tests.AppTest@769f71a9]" started-at="2025-04-29T16:27:19 WIB" name="testAddToCart" description="Add product to cart and verify it was successfully added" finished-at="2025-04-29T16:27:40 WIB" duration-ms="21146" status="PASS">
          <reporter-output>
          </reporter-output>
        </test-method> <!-- testAddToCart -->
        <test-method is-config="true" signature="tearDown()[pri:0, instance:com.openway.tests.AppTest@769f71a9]" started-at="2025-04-29T16:27:40 WIB" name="tearDown" finished-at="2025-04-29T16:27:40 WIB" duration-ms="124" status="PASS">
          <reporter-output>
          </reporter-output>
        </test-method> <!-- tearDown -->
      </class> <!-- com.openway.tests.AppTest -->
    </test> <!-- Shopping Cart Tests -->
  </suite> <!-- Periplus Shopping Cart Test Suite -->
</testng-results>
