<?xml version="1.0" encoding="UTF-8"?>
<testsuite xmlns:xsi="http://www.w3.org/2001/XMLSchema-instance" xsi:noNamespaceSchemaLocation="https://maven.apache.org/surefire/maven-surefire-plugin/xsd/surefire-test-report-3.0.xsd" version="3.0" name="TestSuite" time="26.328" tests="1" errors="0" skipped="0" failures="0">
  <properties>
[...]
</properties>
  <testcase name="testAddToCart" classname="com.openway.tests.AppTest" time="21.149">
    <system-err><![CDATA[Apr 29, 2025 4:27:14 PM com.openway.tests.AppTest setUp
INFO: Setting up WebDriver and test environment
[main] INFO io.github.bonigarcia.wdm.WebDriverManager - Using chromedriver 135.0.7049.114 (resolved driver for Chrome 135)
[main] INFO io.github.bonigarcia.wdm.WebDriverManager - Exporting webdriver.chrome.driver as /Users/owentobias/.cache/selenium/chromedriver/mac-arm64/135.0.7049.114/chromedriver
Apr 29, 2025 4:27:16 PM com.openway.tests.AppTest setUp
INFO: WebDriver setup complete
Apr 29, 2025 4:27:16 PM com.openway.tests.AppTest navigateToHomePage
INFO: Navigating to Periplus homepage
Apr 29, 2025 4:27:19 PM com.openway.tests.AppTest navigateToHomePage
INFO: Homepage loaded successfully
Apr 29, 2025 4:27:19 PM com.openway.tests.AppTest login
INFO: Performing login
Apr 29, 2025 4:27:22 PM com.openway.tests.AppTest login
INFO: Login successful
Apr 29, 2025 4:27:22 PM com.openway.tests.AppTest searchForProduct
INFO: Searching for product: Blockchains
Apr 29, 2025 4:27:24 PM com.openway.tests.AppTest searchForProduct
INFO: Search results displayed
Apr 29, 2025 4:27:24 PM com.openway.tests.AppTest selectFirstProductFromResults
INFO: Selecting first product from search results
Apr 29, 2025 4:27:31 PM com.openway.tests.AppTest selectFirstProductFromResults
INFO: Product page loaded
Apr 29, 2025 4:27:31 PM com.openway.tests.AppTest addCurrentProductToCart
INFO: Adding product to cart
Apr 29, 2025 4:27:31 PM com.openway.tests.AppTest addCurrentProductToCart
INFO: Adding the book: Blockchains
Apr 29, 2025 4:27:35 PM com.openway.tests.AppTest addCurrentProductToCart
INFO: Product added to cart
Apr 29, 2025 4:27:35 PM com.openway.tests.AppTest verifyProductAddedToCart
INFO: Verifying product was added to cart
Apr 29, 2025 4:27:40 PM com.openway.tests.AppTest verifyProductAddedToCart
INFO: Product successfully verified in cart
Apr 29, 2025 4:27:40 PM com.openway.tests.AppTest testAddToCart
INFO: Test completed successfully
]]></system-err>
  </testcase>
</testsuite>